215
OR 1 2
OR 3 4
OR 5 6
OR 7 8
OR 9 10
OR 11 12
OR 13 14
OR 15 16
OR 17 18
OR 19 20
OR 21 22
OR 23 24
OR 25 26
OR 27 28
OR 29 30
OR 31 32
OR 33 34
OR 35 36
OR 37 38
OR 39 40
OR 41 42
OR 43 44
OR 45 46
OR 47 48
OR 49 50
OR 51 52
OR 53 54
OR 55 56
OR 57 58
OR 59 60
OR 61 62
OR 63 64
OR 65 66
OR 67 68
OR 69 70
OR 71 72
OR 73 74
OR 75 76
OR 77 78
OR 79 80
OR 81 82
OR 83 84
OR 85 86
OR 87 88
OR 89 90
OR 91 92
OR 93 94
OR 95 96
OR 97 98
OR 99 100
OR 101 102
OR 103 104
OR 105 106
OR 107 108
OR 109 110
OR 111 112
OR 113 114
OR 115 116
OR 117 118
OR 119 120
OR 121 122
OR 123 124
OR 125 126
OR 127 128
OR 130 129
OR 131 193
OR 132 194
OR 133 195
OR 134 196
OR 135 197
OR 136 198
OR 138 137
OR 139 200
OR 140 201
OR 141 202
OR 142 203
OR 143 204
OR 144 205
OR 146 145
OR 147 207
OR 148 208
OR 149 209
OR 150 210
OR 151 211
OR 152 212
OR 154 153
OR 155 214
OR 156 215
OR 157 216
OR 158 217
OR 159 218
OR 160 219
OR 162 161
OR 163 221
OR 164 222
OR 165 223
OR 166 224
OR 167 225
OR 168 226
OR 170 169
OR 171 228
OR 172 229
OR 173 230
OR 174 231
OR 175 232
OR 176 233
OR 178 177
OR 179 235
OR 180 236
OR 181 237
OR 182 238
OR 183 239
OR 184 240
OR 186 185
OR 187 242
OR 188 243
OR 189 244
OR 190 245
OR 191 246
OR 192 247
OR 137 129
OR 145 249
OR 153 250
OR 161 251
OR 169 252
OR 177 253
OR 185 254
OR 138 130
OR 146 256
OR 154 257
OR 162 258
OR 170 259
OR 178 260
OR 186 261
OR 139 131
OR 147 263
OR 155 264
OR 163 265
OR 171 266
OR 179 267
OR 187 268
OR 140 132
OR 148 270
OR 156 271
OR 164 272
OR 172 273
OR 180 274
OR 188 275
OR 141 133
OR 149 277
OR 157 278
OR 165 279
OR 173 280
OR 181 281
OR 189 282
OR 142 134
OR 150 284
OR 158 285
OR 166 286
OR 174 287
OR 182 288
OR 190 289
OR 143 135
OR 151 291
OR 159 292
OR 167 293
OR 175 294
OR 183 295
OR 191 296
OR 144 136
OR 152 298
OR 160 299
OR 168 300
OR 176 301
OR 184 302
OR 192 303
OR 255 262
OR 305 269
OR 306 276
OR 307 283
OR 308 290
OR 309 297
AND 262 255
AND 269 305
AND 276 306
AND 283 307
AND 290 308
AND 297 309
AND 304 310
OR 311 312
OR 318 313
OR 319 314
OR 320 315
OR 321 316
OR 322 317
OR 199 206
OR 324 213
OR 325 220
OR 326 227
OR 327 234
OR 328 241
AND 206 199
AND 213 324
AND 220 325
AND 227 326
AND 234 327
AND 241 328
AND 248 329
OR 330 331
OR 337 332
OR 338 333
OR 339 334
OR 340 335
OR 341 336
OR 342 323
